<?xml version="1.0" encoding="UTF-8"?>
<!-- Generated by org.testng.reporters.JUnitReportReporter -->
<testsuite skipped="0" hostname="Parnika" name="testCases.TC_010_ShoppingCart" tests="1" failures="0" timestamp="2022-04-11T14:27:16 IST" time="39.334" errors="0">
  <testcase name="test_ShoppingCart" time="39.334" classname="testCases.TC_010_ShoppingCart"/>
  <system-out/>
</testsuite> <!-- testCases.TC_010_ShoppingCart -->
