<?xml version="1.0" encoding="UTF-8"?>
<!-- Generated by org.testng.reporters.JUnitReportReporter -->
<testsuite skipped="0" hostname="Parnika" name="testCases.TC_002_Login" tests="1" failures="0" timestamp="2022-04-10T14:31:29 IST" time="13.078" errors="0">
  <testcase name="test_Login" time="13.078" classname="testCases.TC_002_Login"/>
  <system-out/>
</testsuite> <!-- testCases.TC_002_Login -->
