<?xml version="1.0" encoding="UTF-8"?>
<!-- Generated by org.testng.reporters.JUnitReportReporter -->
<testsuite skipped="0" hostname="Parnika" name="testCases.TC_005_MyAccount" tests="1" failures="0" timestamp="2022-04-08T21:50:24 IST" time="27.883" errors="0">
  <testcase name="test_MyAccount" time="27.883" classname="testCases.TC_005_MyAccount"/>
  <system-out/>
</testsuite> <!-- testCases.TC_005_MyAccount -->
