<?xml version="1.0" encoding="UTF-8"?>
<!-- Generated by org.testng.reporters.JUnitReportReporter -->
<testsuite skipped="0" hostname="Parnika" name="testCases.TC_012_MyAccount" tests="1" failures="0" timestamp="2022-04-18T21:49:31 IST" time="37.000" errors="0">
  <testcase name="test_MyAccount" time="37.000" classname="testCases.TC_012_MyAccount"/>
  <system-out/>
</testsuite> <!-- testCases.TC_012_MyAccount -->
