<?xml version="1.0" encoding="UTF-8"?>
<!-- Generated by org.testng.reporters.JUnitReportReporter -->
<testsuite skipped="0" hostname="Parnika" name="testCases.TC_007_WishListPage" tests="1" failures="0" timestamp="2022-04-10T15:38:17 IST" time="56.919" errors="0">
  <testcase name="test_wishList" time="56.919" classname="testCases.TC_007_WishListPage"/>
  <system-out/>
</testsuite> <!-- testCases.TC_007_WishListPage -->
