<?xml version="1.0" encoding="UTF-8"?>
<!-- Generated by org.testng.reporters.JUnitReportReporter -->
<testsuite skipped="0" hostname="Parnika" name="testCases.TC_005_Addcart" tests="1" failures="0" timestamp="2022-04-09T22:55:22 IST" time="32.293" errors="0">
  <testcase name="test_Addcart" time="32.293" classname="testCases.TC_005_Addcart"/>
  <system-out/>
</testsuite> <!-- testCases.TC_005_Addcart -->
