<?xml version="1.0" encoding="UTF-8"?>
<!-- Generated by org.testng.reporters.JUnitReportReporter -->
<testsuite skipped="0" hostname="Parnika" name="testCases.TC_014_ChangePassword" tests="1" failures="0" timestamp="2022-05-06T23:10:59 IST" time="17.864" errors="0">
  <testcase name="test_changePassword" time="17.864" classname="testCases.TC_014_ChangePassword"/>
  <system-out/>
</testsuite> <!-- testCases.TC_014_ChangePassword -->
