<?xml version="1.0" encoding="UTF-8"?>
<!-- Generated by org.testng.reporters.JUnitReportReporter -->
<testsuite skipped="0" hostname="Parnika" name="testCases.TC_026_HeaderMenuFooterOptions" tests="1" failures="0" timestamp="2022-05-06T23:21:29 IST" time="17.488" errors="0">
  <testcase name="test_HeaderMenuFooterOptions" time="17.488" classname="testCases.TC_026_HeaderMenuFooterOptions"/>
  <system-out/>
</testsuite> <!-- testCases.TC_026_HeaderMenuFooterOptions -->
