<?xml version="1.0" encoding="UTF-8"?>
<!-- Generated by org.testng.reporters.JUnitReportReporter -->
<testsuite skipped="0" hostname="Parnika" name="testCases.TC_009_ForgetPassword" tests="1" failures="0" timestamp="2022-04-11T12:38:16 IST" time="22.720" errors="0">
  <testcase name="test_ForgetPassword" time="22.720" classname="testCases.TC_009_ForgetPassword"/>
  <system-out/>
</testsuite> <!-- testCases.TC_009_ForgetPassword -->
