<?xml version="1.0" encoding="UTF-8"?>
<!-- Generated by org.testng.reporters.JUnitReportReporter -->
<testsuite skipped="0" hostname="Parnika" name="testCases.TC_008_ProductDisplayPage" tests="1" failures="0" timestamp="2022-04-10T23:58:39 IST" time="30.877" errors="0">
  <testcase name="test_productdisplay" time="30.877" classname="testCases.TC_008_ProductDisplayPage"/>
  <system-out/>
</testsuite> <!-- testCases.TC_008_ProductDisplayPage -->
