<?xml version="1.0" encoding="UTF-8"?>
<!-- Generated by org.testng.reporters.JUnitReportReporter -->
<testsuite skipped="0" hostname="Kiran" name="testCases.TC_015_AddressBook" tests="1" failures="0" timestamp="2022-05-14T02:48:54 PDT" time="36.611" errors="0">
  <testcase name="test_AddressBook" time="36.611" classname="testCases.TC_015_AddressBook"/>
  <system-out/>
</testsuite> <!-- testCases.TC_015_AddressBook -->
