<?xml version="1.0" encoding="UTF-8"?>
<!-- Generated by org.testng.reporters.JUnitReportReporter -->
<testsuite skipped="0" hostname="Parnika" name="testCases.TC_001_AccountRegistration" tests="1" failures="0" timestamp="2022-04-08T23:45:36 IST" time="8.370" errors="0">
  <testcase name="test_account_Registration" time="8.370" classname="testCases.TC_001_AccountRegistration"/>
  <system-out/>
</testsuite> <!-- testCases.TC_001_AccountRegistration -->
