<?xml version="1.0" encoding="UTF-8"?>
<!-- Generated by org.testng.reporters.JUnitReportReporter -->
<testsuite skipped="0" hostname="Parnika" name="testCases.TC_004_Search" tests="1" failures="0" timestamp="2022-04-08T23:45:36 IST" time="19.143" errors="0">
  <testcase name="test_Search" time="19.143" classname="testCases.TC_004_Search"/>
  <system-out/>
</testsuite> <!-- testCases.TC_004_Search -->
